Flow report for Pulse_Generator
Fri Aug 30 03:07:49 2019
Quartus Prime Version 18.0.0 Build 614 04/24/2018 SJ Lite Edition


---------------------
; Table of Contents ;
---------------------
  1. Legal Notice
  2. Flow Summary
  3. Flow Settings
  4. Flow Non-Default Global Settings
  5. Flow Elapsed Time
  6. Flow OS Summary
  7. Flow Log
  8. Flow Messages
  9. Flow Suppressed Messages



----------------
; Legal Notice ;
----------------
Copyright (C) 2018  Intel Corporation. All rights reserved.
Your use of Intel Corporation's design tools, logic functions 
and other software and tools, and its AMPP partner logic 
functions, and any output files from any of the foregoing 
(including device programming or simulation files), and any 
associated documentation or information are expressly subject 
to the terms and conditions of the Intel Program License 
Subscription Agreement, the Intel Quartus Prime License Agreement,
the Intel FPGA IP License Agreement, or other applicable license
agreement, including, without limitation, that your use is for
the sole purpose of programming logic devices manufactured by
Intel and sold by Intel or its authorized distributors.  Please
refer to the applicable agreement for further details.



+----------------------------------------------------------------------------------+
; Flow Summary                                                                     ;
+------------------------------------+---------------------------------------------+
; Flow Status                        ; Successful - Fri Aug 30 03:07:49 2019       ;
; Quartus Prime Version              ; 18.0.0 Build 614 04/24/2018 SJ Lite Edition ;
; Revision Name                      ; Pulse_Generator                             ;
; Top-level Entity Name              ; Pulse_Generator                             ;
; Family                             ; Cyclone IV E                                ;
; Device                             ; EP4CE6E22C8                                 ;
; Timing Models                      ; Final                                       ;
; Total logic elements               ; 8 / 6,272 ( < 1 % )                         ;
;     Total combinational functions  ; 6 / 6,272 ( < 1 % )                         ;
;     Dedicated logic registers      ; 4 / 6,272 ( < 1 % )                         ;
; Total registers                    ; 4                                           ;
; Total pins                         ; 3 / 92 ( 3 % )                              ;
; Total virtual pins                 ; 0                                           ;
; Total memory bits                  ; 0 / 276,480 ( 0 % )                         ;
; Embedded Multiplier 9-bit elements ; 0 / 30 ( 0 % )                              ;
; Total PLLs                         ; 0 / 2 ( 0 % )                               ;
+------------------------------------+---------------------------------------------+


+-----------------------------------------+
; Flow Settings                           ;
+-------------------+---------------------+
; Option            ; Setting             ;
+-------------------+---------------------+
; Start date & time ; 08/30/2019 03:05:39 ;
; Main task         ; Compilation         ;
; Revision Name     ; Pulse_Generator     ;
+-------------------+---------------------+


+-----------------------------------------------------------------------------------------------------------------------------+
; Flow Non-Default Global Settings                                                                                            ;
+-------------------------------------+----------------------------------------+---------------+-------------+----------------+
; Assignment Name                     ; Value                                  ; Default Value ; Entity Name ; Section Id     ;
+-------------------------------------+----------------------------------------+---------------+-------------+----------------+
; COMPILER_SIGNATURE_ID               ; 968726668001.156709833906276           ; --            ; --          ; --             ;
; EDA_OUTPUT_DATA_FORMAT              ; Verilog Hdl                            ; --            ; --          ; eda_simulation ;
; EDA_SIMULATION_TOOL                 ; ModelSim-Altera (Verilog)              ; <None>        ; --          ; --             ;
; EDA_TIME_SCALE                      ; 1 ps                                   ; --            ; --          ; eda_simulation ;
; MAX_CORE_JUNCTION_TEMP              ; 85                                     ; --            ; --          ; --             ;
; MIN_CORE_JUNCTION_TEMP              ; 0                                      ; --            ; --          ; --             ;
; NOMINAL_CORE_SUPPLY_VOLTAGE         ; 1.2V                                   ; --            ; --          ; --             ;
; PARTITION_COLOR                     ; -- (Not supported for targeted family) ; --            ; --          ; Top            ;
; PARTITION_FITTER_PRESERVATION_LEVEL ; -- (Not supported for targeted family) ; --            ; --          ; Top            ;
; PARTITION_NETLIST_TYPE              ; -- (Not supported for targeted family) ; --            ; --          ; Top            ;
; PROJECT_OUTPUT_DIRECTORY            ; output_files                           ; --            ; --          ; --             ;
+-------------------------------------+----------------------------------------+---------------+-------------+----------------+


+--------------------------------------------------------------------------------------------------------------------------+
; Flow Elapsed Time                                                                                                        ;
+----------------------+--------------+-------------------------+---------------------+------------------------------------+
; Module Name          ; Elapsed Time ; Average Processors Used ; Peak Virtual Memory ; Total CPU Time (on all processors) ;
+----------------------+--------------+-------------------------+---------------------+------------------------------------+
; Analysis & Synthesis ; 00:00:11     ; 1.0                     ; 4796 MB             ; 00:00:26                           ;
; Fitter               ; 00:00:07     ; 1.0                     ; 5499 MB             ; 00:00:06                           ;
; Assembler            ; 00:00:01     ; 1.0                     ; 4690 MB             ; 00:00:01                           ;
; Timing Analyzer      ; 00:00:03     ; 1.0                     ; 4767 MB             ; 00:00:02                           ;
; EDA Netlist Writer   ; 00:00:01     ; 1.0                     ; 4653 MB             ; 00:00:01                           ;
; EDA Netlist Writer   ; 00:00:01     ; 1.0                     ; 4639 MB             ; 00:00:01                           ;
; EDA Netlist Writer   ; 00:00:01     ; 1.0                     ; 4647 MB             ; 00:00:01                           ;
; EDA Netlist Writer   ; 00:00:01     ; 1.0                     ; 4639 MB             ; 00:00:01                           ;
; EDA Netlist Writer   ; 00:00:01     ; 1.0                     ; 4647 MB             ; 00:00:01                           ;
; Total                ; 00:00:27     ; --                      ; --                  ; 00:00:40                           ;
+----------------------+--------------+-------------------------+---------------------+------------------------------------+


+------------------------------------------------------------------------------------+
; Flow OS Summary                                                                    ;
+----------------------+------------------+------------+------------+----------------+
; Module Name          ; Machine Hostname ; OS Name    ; OS Version ; Processor type ;
+----------------------+------------------+------------+------------+----------------+
; Analysis & Synthesis ; Rohan_Asus       ; Windows 10 ; 10.0       ; x86_64         ;
; Fitter               ; Rohan_Asus       ; Windows 10 ; 10.0       ; x86_64         ;
; Assembler            ; Rohan_Asus       ; Windows 10 ; 10.0       ; x86_64         ;
; Timing Analyzer      ; Rohan_Asus       ; Windows 10 ; 10.0       ; x86_64         ;
; EDA Netlist Writer   ; Rohan_Asus       ; Windows 10 ; 10.0       ; x86_64         ;
; EDA Netlist Writer   ; Rohan_Asus       ; Windows 10 ; 10.0       ; x86_64         ;
; EDA Netlist Writer   ; Rohan_Asus       ; Windows 10 ; 10.0       ; x86_64         ;
; EDA Netlist Writer   ; Rohan_Asus       ; Windows 10 ; 10.0       ; x86_64         ;
; EDA Netlist Writer   ; Rohan_Asus       ; Windows 10 ; 10.0       ; x86_64         ;
+----------------------+------------------+------------+------------+----------------+


------------
; Flow Log ;
------------
quartus_map --read_settings_files=on --write_settings_files=off Pulse_Generator -c Pulse_Generator
quartus_fit --read_settings_files=off --write_settings_files=off Pulse_Generator -c Pulse_Generator
quartus_asm --read_settings_files=off --write_settings_files=off Pulse_Generator -c Pulse_Generator
quartus_sta Pulse_Generator -c Pulse_Generator
quartus_eda --read_settings_files=off --write_settings_files=off Pulse_Generator -c Pulse_Generator
quartus_eda --gen_testbench --tool=modelsim_oem --format=verilog --write_settings_files=off Pulse_Generator -c Pulse_Generator --vector_source=C:/Users/ASUS-PC/Desktop/Pulse_Generator/Waveform.vwf --testbench_file=C:/Users/ASUS-PC/Desktop/Pulse_Generator/simulation/qsim/Waveform.vwf.vt
quartus_eda --write_settings_files=off --simulation=on --functional=on --flatten_buses=off --tool=modelsim_oem --format=verilog --output_directory=C:/Users/ASUS-PC/Desktop/Pulse_Generator/simulation/qsim/ Pulse_Generator -c Pulse_Generator
quartus_eda --gen_testbench --tool=modelsim_oem --format=verilog --write_settings_files=off Pulse_Generator -c Pulse_Generator --vector_source=C:/Users/ASUS-PC/Desktop/Pulse_Generator/Waveform.vwf --testbench_file=C:/Users/ASUS-PC/Desktop/Pulse_Generator/simulation/qsim/Waveform.vwf.vt
quartus_eda --write_settings_files=off --simulation=on --functional=on --flatten_buses=off --tool=modelsim_oem --format=verilog --output_directory=C:/Users/ASUS-PC/Desktop/Pulse_Generator/simulation/qsim/ Pulse_Generator -c Pulse_Generator



